Nov 21, 2018 3:47:22 PM org.apache.catalina.startup.VersionLoggerListener log
INFO: Server version:        Apache Tomcat (TomEE)/7.0.81 (1.7.5)
Nov 21, 2018 3:47:22 PM org.apache.catalina.startup.VersionLoggerListener log
INFO: Server built:          Aug 11 2017 10:21:27 UTC
Nov 21, 2018 3:47:22 PM org.apache.catalina.startup.VersionLoggerListener log
INFO: Server number:         7.0.81.0
Nov 21, 2018 3:47:22 PM org.apache.catalina.startup.VersionLoggerListener log
INFO: OS Name:               Linux
Nov 21, 2018 3:47:22 PM org.apache.catalina.startup.VersionLoggerListener log
INFO: OS Version:            4.4.0-17134-Microsoft
Nov 21, 2018 3:47:22 PM org.apache.catalina.startup.VersionLoggerListener log
INFO: Architecture:          amd64
Nov 21, 2018 3:47:22 PM org.apache.catalina.startup.VersionLoggerListener log
INFO: Java Home:             /usr/lib/jvm/java-8-oracle/jre
Nov 21, 2018 3:47:22 PM org.apache.catalina.startup.VersionLoggerListener log
INFO: JVM Version:           1.8.0_181-b13
Nov 21, 2018 3:47:22 PM org.apache.catalina.startup.VersionLoggerListener log
INFO: JVM Vendor:            Oracle Corporation
Nov 21, 2018 3:47:22 PM org.apache.catalina.startup.VersionLoggerListener log
INFO: CATALINA_BASE:         /mnt/c/Users/i079043/gagan/tech/sap/courses/Cloud-Native_S4HANA_Extensions/week1/address-manager/application/target/apache-tomee
Nov 21, 2018 3:47:22 PM org.apache.catalina.startup.VersionLoggerListener log
INFO: CATALINA_HOME:         /mnt/c/Users/i079043/gagan/tech/sap/courses/Cloud-Native_S4HANA_Extensions/week1/address-manager/application/target/apache-tomee
Nov 21, 2018 3:47:22 PM org.apache.catalina.startup.VersionLoggerListener log
INFO: Command line argument: -XX:+HeapDumpOnOutOfMemoryError
Nov 21, 2018 3:47:22 PM org.apache.catalina.startup.VersionLoggerListener log
INFO: Command line argument: -Dorg.apache.catalina.STRICT_SERVLET_COMPLIANCE=false
Nov 21, 2018 3:47:22 PM org.apache.catalina.startup.VersionLoggerListener log
INFO: Command line argument: -Dopenejb.session.manager=org.apache.tomee.catalina.session.QuickSessionManager
Nov 21, 2018 3:47:22 PM org.apache.catalina.startup.VersionLoggerListener log
INFO: Command line argument: -Dtomee.remote.support=true
Nov 21, 2018 3:47:22 PM org.apache.catalina.startup.VersionLoggerListener log
INFO: Command line argument: -Dopenejb.system.apps=false
Nov 21, 2018 3:47:22 PM org.apache.catalina.startup.VersionLoggerListener log
INFO: Command line argument: -Djava.util.logging.config.file=/mnt/c/Users/i079043/gagan/tech/sap/courses/Cloud-Native_S4HANA_Extensions/week1/address-manager/application/target/apache-tomee/conf/logging.properties
Nov 21, 2018 3:47:22 PM org.apache.catalina.startup.VersionLoggerListener log
INFO: Command line argument: -javaagent:/mnt/c/Users/i079043/gagan/tech/sap/courses/Cloud-Native_S4HANA_Extensions/week1/address-manager/application/target/apache-tomee/lib/openejb-javaagent.jar
Nov 21, 2018 3:47:22 PM org.apache.catalina.startup.VersionLoggerListener log
INFO: Command line argument: -Djava.util.logging.manager=org.apache.juli.ClassLoaderLogManager
Nov 21, 2018 3:47:22 PM org.apache.catalina.startup.VersionLoggerListener log
INFO: Command line argument: -Djava.io.tmpdir=/mnt/c/Users/i079043/gagan/tech/sap/courses/Cloud-Native_S4HANA_Extensions/week1/address-manager/application/target/apache-tomee/temp
Nov 21, 2018 3:47:22 PM org.apache.catalina.startup.VersionLoggerListener log
INFO: Command line argument: -Djava.endorsed.dirs=/mnt/c/Users/i079043/gagan/tech/sap/courses/Cloud-Native_S4HANA_Extensions/week1/address-manager/application/target/apache-tomee/endorsed
Nov 21, 2018 3:47:22 PM org.apache.catalina.startup.VersionLoggerListener log
INFO: Command line argument: -Dcatalina.base=/mnt/c/Users/i079043/gagan/tech/sap/courses/Cloud-Native_S4HANA_Extensions/week1/address-manager/application/target/apache-tomee
Nov 21, 2018 3:47:22 PM org.apache.catalina.startup.VersionLoggerListener log
INFO: Command line argument: -Dcatalina.home=/mnt/c/Users/i079043/gagan/tech/sap/courses/Cloud-Native_S4HANA_Extensions/week1/address-manager/application/target/apache-tomee
Nov 21, 2018 3:47:22 PM org.apache.catalina.startup.VersionLoggerListener log
INFO: Command line argument: -Dcatalina.ext.dirs=/mnt/c/Users/i079043/gagan/tech/sap/courses/Cloud-Native_S4HANA_Extensions/week1/address-manager/application/target/apache-tomee/lib
Nov 21, 2018 3:47:22 PM org.apache.catalina.startup.VersionLoggerListener log
INFO: Command line argument: -Dorg.apache.tomcat.util.http.ServerCookie.ALLOW_HTTP_SEPARATORS_IN_V0=true
Nov 21, 2018 3:47:22 PM org.apache.catalina.startup.VersionLoggerListener log
INFO: Command line argument: -ea
Nov 21, 2018 3:47:22 PM org.apache.catalina.core.AprLifecycleListener lifecycleEvent
INFO: The APR based Apache Tomcat Native library which allows optimal performance in production environments was not found on the java.library.path: /usr/java/packages/lib/amd64:/usr/lib64:/lib64:/lib:/usr/lib
Nov 21, 2018 3:47:23 PM org.apache.coyote.AbstractProtocol init
INFO: Initializing ProtocolHandler ["http-bio-8080"]
Nov 21, 2018 3:47:23 PM org.apache.coyote.AbstractProtocol init
INFO: Initializing ProtocolHandler ["ajp-bio-8009"]
Nov 21, 2018 3:47:24 PM org.apache.openejb.util.OptionsLog info
INFO: Using 'tomee.remote.support=true'
Nov 21, 2018 3:47:24 PM org.apache.openejb.util.OptionsLog info
INFO: Using 'openejb.jdbc.datasource-creator=org.apache.tomee.jdbc.TomEEDataSourceCreator'
Nov 21, 2018 3:47:25 PM org.apache.openejb.OpenEJB$Instance <init>
INFO: ********************************************************************************
Nov 21, 2018 3:47:25 PM org.apache.openejb.OpenEJB$Instance <init>
INFO: OpenEJB http://tomee.apache.org/
Nov 21, 2018 3:47:25 PM org.apache.openejb.OpenEJB$Instance <init>
INFO: Startup: Wed Nov 21 15:47:25 GMT 2018
Nov 21, 2018 3:47:25 PM org.apache.openejb.OpenEJB$Instance <init>
INFO: Copyright 1999-2015 (C) Apache OpenEJB/TomEE Project, All Rights Reserved.
Nov 21, 2018 3:47:25 PM org.apache.openejb.OpenEJB$Instance <init>
INFO: Version: 4.7.5
Nov 21, 2018 3:47:25 PM org.apache.openejb.OpenEJB$Instance <init>
INFO: Build date: 20170927
Nov 21, 2018 3:47:25 PM org.apache.openejb.OpenEJB$Instance <init>
INFO: Build time: 12:02
Nov 21, 2018 3:47:25 PM org.apache.openejb.OpenEJB$Instance <init>
INFO: ********************************************************************************
Nov 21, 2018 3:47:25 PM org.apache.openejb.OpenEJB$Instance <init>
INFO: openejb.home = /mnt/c/Users/i079043/gagan/tech/sap/courses/Cloud-Native_S4HANA_Extensions/week1/address-manager/application/target/apache-tomee
Nov 21, 2018 3:47:25 PM org.apache.openejb.OpenEJB$Instance <init>
INFO: openejb.base = /mnt/c/Users/i079043/gagan/tech/sap/courses/Cloud-Native_S4HANA_Extensions/week1/address-manager/application/target/apache-tomee
Nov 21, 2018 3:47:25 PM org.apache.openejb.cdi.CdiBuilder initializeOWB
INFO: Created new singletonService org.apache.openejb.cdi.ThreadSingletonServiceImpl@6e2c9341
Nov 21, 2018 3:47:25 PM org.apache.openejb.cdi.CdiBuilder initializeOWB
INFO: Succeeded in installing singleton service
Nov 21, 2018 3:47:25 PM org.apache.openejb.config.ConfigurationFactory init
INFO: openejb configuration file is '/mnt/c/Users/i079043/gagan/tech/sap/courses/Cloud-Native_S4HANA_Extensions/week1/address-manager/application/target/apache-tomee/conf/tomee.xml'
Nov 21, 2018 3:47:25 PM org.apache.openejb.config.ConfigurationFactory configureService
INFO: Configuring Service(id=Tomcat Security Service, type=SecurityService, provider-id=Tomcat Security Service)
Nov 21, 2018 3:47:25 PM org.apache.openejb.config.ConfigurationFactory configureService
INFO: Configuring Service(id=Default Transaction Manager, type=TransactionManager, provider-id=Default Transaction Manager)
Nov 21, 2018 3:47:25 PM org.apache.openejb.util.OptionsLog info
INFO: Using 'openejb.system.apps=false'
Nov 21, 2018 3:47:25 PM org.apache.openejb.util.OptionsLog info
INFO: Using 'openejb.deployments.classpath=false'
Nov 21, 2018 3:47:25 PM org.apache.openejb.assembler.classic.Assembler createRecipe
INFO: Creating TransactionManager(id=Default Transaction Manager)
Nov 21, 2018 3:47:25 PM org.apache.openejb.assembler.classic.Assembler createRecipe
INFO: Creating SecurityService(id=Tomcat Security Service)
Nov 21, 2018 3:47:25 PM org.apache.openejb.server.ServiceManager initServer
INFO: Creating ServerService(id=cxf-rs)
Nov 21, 2018 3:47:26 PM org.apache.openejb.server.SimpleServiceManager start
INFO:   ** Bound Services **
Nov 21, 2018 3:47:26 PM org.apache.openejb.server.SimpleServiceManager printRow
INFO:   NAME                 IP              PORT  
Nov 21, 2018 3:47:26 PM org.apache.openejb.server.SimpleServiceManager start
INFO: -------
Nov 21, 2018 3:47:26 PM org.apache.openejb.server.SimpleServiceManager start
INFO: Ready!
Nov 21, 2018 3:47:26 PM org.apache.catalina.startup.Catalina load
INFO: Initialization processed in 4876 ms
Nov 21, 2018 3:47:26 PM org.apache.tomee.catalina.OpenEJBNamingContextListener bindResource
INFO: Importing a Tomcat Resource with id 'UserDatabase' of type 'org.apache.catalina.UserDatabase'.
Nov 21, 2018 3:47:26 PM org.apache.openejb.assembler.classic.Assembler createRecipe
INFO: Creating Resource(id=UserDatabase)
Nov 21, 2018 3:47:26 PM org.apache.catalina.core.StandardService startInternal
INFO: Starting service Catalina
Nov 21, 2018 3:47:26 PM org.apache.catalina.core.StandardEngine startInternal
INFO: Starting Servlet Engine: Apache Tomcat (TomEE)/7.0.81 (1.7.5)
Nov 21, 2018 3:47:26 PM org.apache.catalina.startup.HostConfig deployWAR
INFO: Deploying web application archive /mnt/c/Users/i079043/gagan/tech/sap/courses/Cloud-Native_S4HANA_Extensions/week1/address-manager/application/target/apache-tomee/webapps/ROOT.war
Nov 21, 2018 3:47:26 PM org.apache.tomee.catalina.TomcatWebAppBuilder init
INFO: ------------------------- localhost -> /
Nov 21, 2018 3:47:26 PM org.apache.openejb.util.JarExtractor extract
INFO: Extracting jar: /mnt/c/Users/i079043/gagan/tech/sap/courses/Cloud-Native_S4HANA_Extensions/week1/address-manager/application/target/apache-tomee/webapps/ROOT.war
Nov 21, 2018 3:47:28 PM org.apache.openejb.util.JarExtractor extract
INFO: Extracted path: /mnt/c/Users/i079043/gagan/tech/sap/courses/Cloud-Native_S4HANA_Extensions/week1/address-manager/application/target/apache-tomee/webapps/ROOT
Nov 21, 2018 3:47:28 PM org.apache.openejb.util.OptionsLog info
INFO: Using 'openejb.session.manager=org.apache.tomee.catalina.session.QuickSessionManager'
Nov 21, 2018 3:47:33 PM org.apache.openejb.config.ConfigurationFactory configureApplication
INFO: Configuring enterprise application: /mnt/c/Users/i079043/gagan/tech/sap/courses/Cloud-Native_S4HANA_Extensions/week1/address-manager/application/target/apache-tomee/webapps/ROOT
Nov 21, 2018 3:47:34 PM org.apache.openejb.config.ConfigurationFactory configureService
INFO: Configuring Service(id=Default Managed Container, type=Container, provider-id=Default Managed Container)
Nov 21, 2018 3:47:34 PM org.apache.openejb.config.AutoConfig createContainer
INFO: Auto-creating a container for bean .Comp870959443: Container(type=MANAGED, id=Default Managed Container)
Nov 21, 2018 3:47:34 PM org.apache.openejb.assembler.classic.Assembler createRecipe
INFO: Creating Container(id=Default Managed Container)
Nov 21, 2018 3:47:34 PM org.apache.openejb.core.managed.SimplePassivater init
INFO: Using directory /mnt/c/Users/i079043/gagan/tech/sap/courses/Cloud-Native_S4HANA_Extensions/week1/address-manager/application/target/apache-tomee/temp for stateful session passivation
Nov 21, 2018 3:47:34 PM org.apache.openejb.config.AppInfoBuilder build
INFO: Enterprise application "/mnt/c/Users/i079043/gagan/tech/sap/courses/Cloud-Native_S4HANA_Extensions/week1/address-manager/application/target/apache-tomee/webapps/ROOT" loaded.
Nov 21, 2018 3:47:34 PM org.apache.openejb.assembler.classic.Assembler createApplication
INFO: Assembling app: /mnt/c/Users/i079043/gagan/tech/sap/courses/Cloud-Native_S4HANA_Extensions/week1/address-manager/application/target/apache-tomee/webapps/ROOT
Nov 21, 2018 3:47:34 PM org.apache.openejb.cdi.CdiBuilder initSingleton
INFO: Existing thread singleton service in SystemInstance(): org.apache.openejb.cdi.ThreadSingletonServiceImpl@6e2c9341
Nov 21, 2018 3:47:34 PM org.apache.openejb.cdi.OpenEJBLifecycle startApplication
INFO: OpenWebBeans Container is starting...
Nov 21, 2018 3:47:34 PM org.apache.webbeans.plugins.PluginLoader startUp
INFO: Adding OpenWebBeansPlugin : [CdiPlugin]
Nov 21, 2018 3:47:34 PM org.apache.webbeans.plugins.PluginLoader startUp
INFO: Adding OpenWebBeansPlugin : [OpenWebBeansJsfPlugin]
Nov 21, 2018 3:47:50 PM org.apache.webbeans.config.BeansDeployer deploySingleAnnotatedType
INFO: Skipping deployment of Class class com.sap.cloud.sdk.cloudplatform.auditlog.ScpCfAuditLogdue to a NoClassDefFoundError: com/sap/xs/audit/api/AuditLogMessage
Nov 21, 2018 3:47:54 PM org.apache.webbeans.config.BeansDeployer validateInjectionPoints
INFO: All injection points were validated successfully.
Nov 21, 2018 3:47:54 PM org.apache.openejb.cdi.OpenEJBLifecycle startApplication
INFO: OpenWebBeans Container has started, it took 19846 ms.
Nov 21, 2018 3:47:54 PM org.apache.openejb.assembler.classic.Assembler createApplication
INFO: Deployed Application(path=/mnt/c/Users/i079043/gagan/tech/sap/courses/Cloud-Native_S4HANA_Extensions/week1/address-manager/application/target/apache-tomee/webapps/ROOT)
Nov 21, 2018 3:47:58 PM org.apache.catalina.startup.HostConfig deployWAR
INFO: Deployment of web application archive /mnt/c/Users/i079043/gagan/tech/sap/courses/Cloud-Native_S4HANA_Extensions/week1/address-manager/application/target/apache-tomee/webapps/ROOT.war has finished in 31,784 ms
Nov 21, 2018 3:47:58 PM org.apache.coyote.AbstractProtocol start
INFO: Starting ProtocolHandler ["http-bio-8080"]
Nov 21, 2018 3:47:58 PM org.apache.coyote.AbstractProtocol start
INFO: Starting ProtocolHandler ["ajp-bio-8009"]
Nov 21, 2018 3:47:58 PM org.apache.catalina.startup.Catalina start
INFO: Server startup in 32221 ms
